\BOOKMARK [1][-]{section*.1}{\376\377\000A\000b\000s\000t\000r\000a\000c\000t}{}% 1
\BOOKMARK [1][-]{section.1}{\376\377\0001\000\040\000I\000n\000t\000r\000o\000d\000u\000c\000t\000i\000o\000n}{}% 2
\BOOKMARK [1][-]{section.2}{\376\377\0002\000\040\000B\000a\000c\000k\000g\000r\000o\000u\000n\000d\000\040\000\046\000\040\000M\000o\000t\000i\000v\000a\000t\000i\000o\000n}{}% 3
\BOOKMARK [1][-]{section.3}{\376\377\0003\000\040\000C\000h\000a\000l\000l\000e\000n\000g\000e\000s\000\040\000\046\000\040\000O\000v\000e\000r\000a\000l\000l\000\040\000A\000p\000p\000r\000o\000a\000c\000h}{}% 4
\BOOKMARK [1][-]{section.4}{\376\377\0004\000\040\000D\000e\000f\000i\000n\000i\000t\000i\000o\000n\000s\000\040\000\046\000\040\000N\000o\000t\000a\000t\000i\000o\000n\000s}{}% 5
\BOOKMARK [2][-]{subsection.4.1}{\376\377\0004\000.\0001\000\040\000D\000e\000f\000i\000n\000i\000t\000i\000o\000n\000s}{section.4}% 6
\BOOKMARK [2][-]{subsection.4.2}{\376\377\0004\000.\0002\000\040\000N\000o\000t\000a\000t\000i\000o\000n\000s}{section.4}% 7
\BOOKMARK [1][-]{section.5}{\376\377\0005\000\040\000S\000t\000e\000p\000\040\0001\000:\000\040\000D\000e\000t\000e\000c\000t\000i\000n\000g\000\040\000T\000r\000a\000f\000f\000i\000c\000\040\000M\000o\000d\000e\000s}{}% 8
\BOOKMARK [1][-]{section.6}{\376\377\0006\000\040\000S\000t\000e\000p\000\040\0002\000:\000\040\000C\000o\000m\000p\000u\000t\000i\000n\000g\000\040\000F\000r\000a\000c\000t\000i\000o\000n\000a\000l\000\040\000T\000o\000p\000o\000l\000o\000g\000y}{}% 9
\BOOKMARK [2][-]{subsection.6.1}{\376\377\0006\000.\0001\000\040\000D\000e\000f\000i\000n\000i\000t\000i\000o\000n\000s}{section.6}% 10
\BOOKMARK [2][-]{subsection.6.2}{\376\377\0006\000.\0002\000\040\000F\000i\000n\000d\000i\000n\000g\000\040\000t\000h\000e\000\040\000B\000e\000s\000t\000-\000f\000i\000t\000t\000i\000n\000g\000\040\000F\000r\000a\000c\000t\000i\000o\000n\000a\000l\000\040\000T\000o\000p\000o\000l\000o\000g\000y}{section.6}% 11
\BOOKMARK [1][-]{section.7}{\376\377\0007\000\040\000S\000t\000e\000p\000\040\0003\000:\000\040\000M\000a\000p\000p\000i\000n\000g\000\040\000F\000r\000a\000c\000t\000i\000o\000n\000a\000l\000\040\000T\000o\000p\000o\000l\000o\000g\000y\000\040\000o\000n\000t\000o\000\040\000P\000a\000t\000c\000h\000-\000P\000a\000n\000e\000l\000s}{}% 12
\BOOKMARK [2][-]{subsection.7.1}{\376\377\0007\000.\0001\000\040\000L\000a\000g\000r\000a\000n\000g\000i\000a\000n\000\040\000D\000u\000a\000l\000\040\000M\000e\000t\000h\000o\000d}{section.7}% 13
\BOOKMARK [2][-]{subsection.7.2}{\376\377\0007\000.\0002\000\040\000B\000a\000r\000r\000i\000e\000r\000\040\000P\000e\000n\000a\000l\000t\000y\000\040\000M\000e\000t\000h\000o\000d}{section.7}% 14
\BOOKMARK [1][-]{section.8}{\376\377\0008\000\040\000A\000n\000a\000l\000y\000s\000i\000s\000\040\000o\000f\000\040\000P\000a\000t\000c\000h\000\040\000P\000a\000n\000e\000l\000-\000M\000a\000p\000p\000i\000n\000g\000\040\000A\000l\000g\000o\000r\000i\000t\000h\000m\000s}{}% 15
\BOOKMARK [2][-]{subsection.8.1}{\376\377\0008\000.\0001\000\040\000O\000p\000t\000i\000m\000a\000l\000i\000t\000y\000\040\000A\000n\000a\000l\000y\000s\000i\000s}{section.8}% 16
\BOOKMARK [2][-]{subsection.8.2}{\376\377\0008\000.\0002\000\040\000R\000u\000n\000t\000i\000m\000e\000\040\000A\000n\000a\000l\000y\000s\000i\000s}{section.8}% 17
\BOOKMARK [2][-]{subsection.8.3}{\376\377\0008\000.\0003\000\040\000B\000a\000r\000r\000i\000e\000r\000\040\000P\000e\000n\000a\000l\000t\000y\000\040\000v\000s\000\040\000L\000a\000g\000r\000a\000n\000g\000i\000a\000n\000\040\000D\000u\000a\000l}{section.8}% 18
\BOOKMARK [1][-]{section.9}{\376\377\0009\000\040\000P\000e\000r\000f\000o\000r\000m\000a\000n\000c\000e\000\040\000E\000v\000a\000l\000u\000a\000t\000i\000o\000n}{}% 19
\BOOKMARK [2][-]{subsection.9.1}{\376\377\0009\000.\0001\000\040\000W\000C\000M\000P\000\040\000T\000r\000a\000f\000f\000i\000c\000\040\000E\000n\000g\000i\000n\000e\000e\000r\000i\000n\000g}{section.9}% 20
\BOOKMARK [2][-]{subsection.9.2}{\376\377\0009\000.\0002\000\040\000P\000e\000r\000f\000o\000r\000m\000a\000n\000c\000e\000\040\000M\000e\000t\000r\000i\000c\000s\000\040\000\046\000\040\000E\000x\000p\000e\000r\000i\000m\000e\000n\000t\000a\000l\000\040\000S\000e\000t\000u\000p}{section.9}% 21
\BOOKMARK [2][-]{subsection.9.3}{\376\377\0009\000.\0003\000\040\000D\000i\000s\000c\000u\000s\000s\000i\000o\000n}{section.9}% 22
\BOOKMARK [1][-]{section.10}{\376\377\0001\0000\000\040\000W\000h\000e\000n\000\040\000t\000o\000\040\000T\000r\000i\000g\000g\000e\000r\000\040\000T\000o\000p\000o\000l\000o\000g\000y\000\040\000R\000e\000c\000o\000n\000f\000i\000g\000u\000r\000a\000t\000i\000o\000n}{}% 23
\BOOKMARK [1][-]{section.11}{\376\377\0001\0001\000\040\000C\000o\000n\000c\000l\000u\000s\000i\000o\000n}{}% 24
\BOOKMARK [1][-]{section*.15}{\376\377\000R\000e\000f\000e\000r\000e\000n\000c\000e\000s}{}% 25
\BOOKMARK [1][-]{Appendix.1.A}{\376\377\000A\000\040\000A\000p\000p\000e\000n\000d\000i\000c\000e\000s}{}% 26
\BOOKMARK [2][-]{subsection.1.A.1}{\376\377\000A\000.\0001\000\040\000S\000i\000m\000p\000l\000e\000x\000-\000b\000a\000s\000e\000d\000\040\000P\000a\000t\000c\000h\000\040\000P\000a\000n\000e\000l\000\040\000R\000e\000c\000o\000n\000f\000i\000g\000u\000r\000a\000t\000i\000o\000n}{Appendix.1.A}% 27
\BOOKMARK [2][-]{subsection.1.A.2}{\376\377\000A\000.\0002\000\040\000T\000o\000p\000o\000l\000o\000g\000y\000\040\000E\000n\000g\000i\000n\000e\000e\000r\000i\000n\000g\000\040\000B\000e\000n\000e\000f\000i\000t\000s}{Appendix.1.A}% 28
\BOOKMARK [2][-]{subsection.1.A.3}{\376\377\000A\000.\0003\000\040\000C\000o\000r\000r\000e\000c\000t\000n\000e\000s\000s\000\040\000o\000f\000\040\000M\000i\000n\000i\000m\000u\000m\000-\000c\000o\000s\000t\000\040\000C\000i\000r\000c\000u\000l\000a\000t\000i\000o\000n}{Appendix.1.A}% 29
\BOOKMARK [2][-]{subsection.1.A.4}{\376\377\000A\000.\0004\000\040\000A\000l\000t\000e\000r\000n\000a\000t\000i\000v\000e\000\040\000F\000r\000a\000c\000t\000i\000o\000n\000a\000l\000\040\000G\000r\000a\000p\000h\000\040\000C\000o\000m\000p\000u\000t\000a\000t\000i\000o\000n}{Appendix.1.A}% 30
\BOOKMARK [2][-]{subsection.1.A.5}{\376\377\000A\000.\0005\000\040\000E\000f\000f\000e\000c\000t\000s\000\040\000o\000f\000\040\000A\000p\000p\000l\000y\000i\000n\000g\000\040\000Q\000P\000\040\000`\000`\000f\000i\000l\000t\000e\000r\000'\000'}{Appendix.1.A}% 31
\BOOKMARK [2][-]{subsection.1.A.6}{\376\377\000A\000.\0006\000\040\000S\000y\000n\000t\000h\000e\000t\000i\000c\000\040\000T\000r\000a\000f\000f\000i\000c\000\040\000G\000e\000n\000e\000r\000a\000t\000i\000o\000n}{Appendix.1.A}% 32
\BOOKMARK [2][-]{subsection.1.A.7}{\376\377\000A\000.\0007\000\040\000D\000e\000t\000a\000i\000l\000e\000d\000\040\000W\000a\000l\000k\000t\000h\000r\000o\000u\000g\000h\000\040\000f\000o\000r\000\040\000L\000a\000g\000r\000a\000n\000g\000i\000a\000n\000\040\000D\000u\000a\000l\000\040\000M\000e\000t\000h\000o\000d}{Appendix.1.A}% 33
\BOOKMARK [2][-]{subsection.1.A.8}{\376\377\000A\000.\0008\000\040\000D\000e\000t\000a\000i\000l\000e\000d\000\040\000W\000a\000l\000k\000t\000h\000r\000o\000u\000g\000h\000\040\000f\000o\000r\000\040\000B\000a\000r\000r\000i\000e\000r\000\040\000P\000e\000n\000a\000l\000t\000y\000\040\000M\000e\000t\000h\000o\000d}{Appendix.1.A}% 34
\BOOKMARK [2][-]{subsection.1.A.9}{\376\377\000A\000.\0009\000\040\000C\000o\000m\000p\000u\000t\000i\000n\000g\000\040\000a\000\040\000G\000o\000o\000d\000\040\000F\000r\000a\000c\000t\000i\000o\000n\000a\000l\000\040\000T\000o\000p\000o\000l\000o\000g\000y}{Appendix.1.A}% 35
